/bin/bash: ./train_and_test_model.sh: Permission denied

------------------------------------------------------------
Sender: LSF System <lsfadmin@hpc.dtu.dk>
Subject: Job 15160914: <NONAME> in cluster <dcc> Exited

Job <NONAME> was submitted from host <n-62-20-9> by user <s174466> in cluster <dcc> at Sun Jan  8 14:41:01 2023
Job was executed on host(s) <n-62-31-5>, in queue <hpc>, as user <s174466> in cluster <dcc> at Sun Jan  8 14:41:03 2023
</zhome/86/d/127788> was used as the home directory.
</zhome/86/d/127788/Desktop/master_thesis> was used as the working directory.
Started at Sun Jan  8 14:41:03 2023
Terminated at Sun Jan  8 14:41:04 2023
Results reported at Sun Jan  8 14:41:04 2023

Your job looked like:

------------------------------------------------------------
# LSBATCH: User input
train_and_test_model.sh
------------------------------------------------------------

Exited with exit code 126.

Resource usage summary:

    CPU time :                                   0.46 sec.
    Max Memory :                                 -
    Average Memory :                             -
    Total Requested Memory :                     1024.00 MB
    Delta Memory :                               -
    Max Swap :                                   -
    Max Processes :                              -
    Max Threads :                                -
    Run time :                                   35 sec.
    Turnaround time :                            3 sec.

The output (if any) is above this job summary.

