/bin/bash: te: command not found

------------------------------------------------------------
Sender: LSF System <lsfadmin@hpc.dtu.dk>
Subject: Job 15041338: <NONAME> in cluster <dcc> Exited

Job <NONAME> was submitted from host <n-62-20-9> by user <s174466> in cluster <dcc> at Fri Dec 16 12:08:55 2022
Job was executed on host(s) <n-62-31-1>, in queue <hpc>, as user <s174466> in cluster <dcc> at Fri Dec 16 12:08:56 2022
</zhome/86/d/127788> was used as the home directory.
</zhome/86/d/127788/Desktop/master_thesis> was used as the working directory.
Started at Fri Dec 16 12:08:56 2022
Terminated at Fri Dec 16 12:08:56 2022
Results reported at Fri Dec 16 12:08:56 2022

Your job looked like:

------------------------------------------------------------
# LSBATCH: User input
te
------------------------------------------------------------

Exited with exit code 127.

Resource usage summary:

    CPU time :                                   0.40 sec.
    Max Memory :                                 -
    Average Memory :                             -
    Total Requested Memory :                     1024.00 MB
    Delta Memory :                               -
    Max Swap :                                   -
    Max Processes :                              -
    Max Threads :                                -
    Run time :                                   87 sec.
    Turnaround time :                            1 sec.

The output (if any) is above this job summary.

